{"C:\\Users\\PUNEET\\Desktop\\NewAssignment\\src\\components\\BarChart.jsx": {"path":"C:\\Users\\PUNEET\\Desktop\\NewAssignment\\src\\components\\BarChart.jsx","statementMap":{"0":{"start":{"line":5,"column":0},"end":{"line":5,"column":81}},"1":{"start":{"line":7,"column":17},"end":{"line":47,"column":1}},"2":{"start":{"line":9,"column":4},"end":{"line":11,"column":5}},"3":{"start":{"line":10,"column":8},"end":{"line":10,"column":52}},"4":{"start":{"line":14,"column":19},"end":{"line":14,"column":65}},"5":{"start":{"line":14,"column":54},"end":{"line":14,"column":64}},"6":{"start":{"line":15,"column":19},"end":{"line":15,"column":43}},"7":{"start":{"line":17,"column":22},"end":{"line":26,"column":5}},"8":{"start":{"line":28,"column":20},"end":{"line":44,"column":5}},"9":{"start":{"line":46,"column":4},"end":{"line":46,"column":54}}},"fnMap":{"0":{"name":"(anonymous_0)","decl":{"start":{"line":7,"column":17},"end":{"line":7,"column":18}},"loc":{"start":{"line":7,"column":31},"end":{"line":47,"column":1}},"line":7},"1":{"name":"(anonymous_1)","decl":{"start":{"line":14,"column":46},"end":{"line":14,"column":47}},"loc":{"start":{"line":14,"column":54},"end":{"line":14,"column":64}},"line":14}},"branchMap":{"0":{"loc":{"start":{"line":9,"column":4},"end":{"line":11,"column":5}},"type":"if","locations":[{"start":{"line":9,"column":4},"end":{"line":11,"column":5}},{"start":{},"end":{}}],"line":9},"1":{"loc":{"start":{"line":9,"column":8},"end":{"line":9,"column":27}},"type":"binary-expr","locations":[{"start":{"line":9,"column":8},"end":{"line":9,"column":13}},{"start":{"line":9,"column":17},"end":{"line":9,"column":27}}],"line":9}},"s":{"0":1,"1":1,"2":2,"3":1,"4":1,"5":25,"6":1,"7":1,"8":1,"9":1},"f":{"0":2,"1":25},"b":{"0":[1,1],"1":[2,2]},"_coverageSchema":"1a1c01bbd47fc00a2c39e90264f33305004495a9","hash":"e75cc60998186ca5b9dfb796c65a26e1d561aab0"}
}
