TN:
SF:src\components\BarChart.jsx
FN:7,(anonymous_0)
FN:14,(anonymous_1)
FNF:2
FNH:2
FNDA:4,(anonymous_0)
FNDA:50,(anonymous_1)
DA:5,2
DA:7,2
DA:9,4
DA:10,2
DA:14,50
DA:15,2
DA:17,2
DA:28,2
DA:46,2
LF:9
LH:9
BRDA:9,0,0,2
BRDA:9,0,1,2
BRDA:9,1,0,4
BRDA:9,1,1,4
BRF:4
BRH:4
end_of_record
TN:
SF:src\utils\Api.js
FN:1,Api
FN:14,(anonymous_1)
FN:15,(anonymous_2)
FNF:3
FNH:3
FNDA:2,Api
FNDA:1,(anonymous_1)
FNDA:1,(anonymous_2)
DA:11,2
DA:13,2
DA:14,1
DA:16,1
DA:17,1
LF:5
LH:5
BRDA:9,0,0,1
BRF:1
BRH:1
end_of_record
